mode: set
github.com/tmax-cloud/cluster-manager-operator/controllers/clustermanager_controller.go:83.85,89.82 4 0
github.com/tmax-cloud/cluster-manager-operator/controllers/clustermanager_controller.go:98.2,98.64 1 0
github.com/tmax-cloud/cluster-manager-operator/controllers/clustermanager_controller.go:102.2,102.71 1 0
github.com/tmax-cloud/cluster-manager-operator/controllers/clustermanager_controller.go:108.2,111.27 3 0
github.com/tmax-cloud/cluster-manager-operator/controllers/clustermanager_controller.go:89.82,90.29 1 0
github.com/tmax-cloud/cluster-manager-operator/controllers/clustermanager_controller.go:94.3,95.28 2 0
github.com/tmax-cloud/cluster-manager-operator/controllers/clustermanager_controller.go:90.29,93.4 2 0
github.com/tmax-cloud/cluster-manager-operator/controllers/clustermanager_controller.go:98.64,101.3 2 0
github.com/tmax-cloud/cluster-manager-operator/controllers/clustermanager_controller.go:102.71,105.3 2 0
github.com/tmax-cloud/cluster-manager-operator/controllers/clustermanager_controller.go:116.112,120.83 3 0
github.com/tmax-cloud/cluster-manager-operator/controllers/clustermanager_controller.go:166.2,166.12 1 0
github.com/tmax-cloud/cluster-manager-operator/controllers/clustermanager_controller.go:120.83,121.29 1 0
github.com/tmax-cloud/cluster-manager-operator/controllers/clustermanager_controller.go:121.29,134.18 3 0
github.com/tmax-cloud/cluster-manager-operator/controllers/clustermanager_controller.go:139.4,157.18 4 0
github.com/tmax-cloud/cluster-manager-operator/controllers/clustermanager_controller.go:134.18,137.5 2 0
github.com/tmax-cloud/cluster-manager-operator/controllers/clustermanager_controller.go:157.18,160.5 2 0
github.com/tmax-cloud/cluster-manager-operator/controllers/clustermanager_controller.go:161.9,164.4 2 0
github.com/tmax-cloud/cluster-manager-operator/controllers/clustermanager_controller.go:169.119,173.75 4 0
github.com/tmax-cloud/cluster-manager-operator/controllers/clustermanager_controller.go:197.2,200.89 4 0
github.com/tmax-cloud/cluster-manager-operator/controllers/clustermanager_controller.go:230.2,230.12 1 0
github.com/tmax-cloud/cluster-manager-operator/controllers/clustermanager_controller.go:173.75,174.29 1 0
github.com/tmax-cloud/cluster-manager-operator/controllers/clustermanager_controller.go:174.29,188.18 4 0
github.com/tmax-cloud/cluster-manager-operator/controllers/clustermanager_controller.go:188.18,191.5 2 0
github.com/tmax-cloud/cluster-manager-operator/controllers/clustermanager_controller.go:192.9,195.4 2 0
github.com/tmax-cloud/cluster-manager-operator/controllers/clustermanager_controller.go:200.89,201.29 1 0
github.com/tmax-cloud/cluster-manager-operator/controllers/clustermanager_controller.go:201.29,221.18 4 0
github.com/tmax-cloud/cluster-manager-operator/controllers/clustermanager_controller.go:221.18,224.5 2 0
github.com/tmax-cloud/cluster-manager-operator/controllers/clustermanager_controller.go:225.9,228.4 2 0
github.com/tmax-cloud/cluster-manager-operator/controllers/clustermanager_controller.go:233.110,237.56 3 0
github.com/tmax-cloud/cluster-manager-operator/controllers/clustermanager_controller.go:242.2,243.15 2 0
github.com/tmax-cloud/cluster-manager-operator/controllers/clustermanager_controller.go:249.2,249.64 1 0
github.com/tmax-cloud/cluster-manager-operator/controllers/clustermanager_controller.go:252.2,252.53 1 0
github.com/tmax-cloud/cluster-manager-operator/controllers/clustermanager_controller.go:237.56,239.3 1 0
github.com/tmax-cloud/cluster-manager-operator/controllers/clustermanager_controller.go:243.15,244.59 1 0
github.com/tmax-cloud/cluster-manager-operator/controllers/clustermanager_controller.go:244.59,246.4 1 0
github.com/tmax-cloud/cluster-manager-operator/controllers/clustermanager_controller.go:249.64,251.3 1 0
github.com/tmax-cloud/cluster-manager-operator/controllers/clustermanager_controller.go:252.53,254.3 1 0
github.com/tmax-cloud/cluster-manager-operator/controllers/clustermanager_controller.go:257.108,261.55 3 0
github.com/tmax-cloud/cluster-manager-operator/controllers/clustermanager_controller.go:266.2,267.15 2 0
github.com/tmax-cloud/cluster-manager-operator/controllers/clustermanager_controller.go:273.2,273.63 1 0
github.com/tmax-cloud/cluster-manager-operator/controllers/clustermanager_controller.go:277.2,277.67 1 0
github.com/tmax-cloud/cluster-manager-operator/controllers/clustermanager_controller.go:261.55,263.3 1 0
github.com/tmax-cloud/cluster-manager-operator/controllers/clustermanager_controller.go:267.15,268.58 1 0
github.com/tmax-cloud/cluster-manager-operator/controllers/clustermanager_controller.go:268.58,270.4 1 0
github.com/tmax-cloud/cluster-manager-operator/controllers/clustermanager_controller.go:273.63,275.3 1 0
github.com/tmax-cloud/cluster-manager-operator/controllers/clustermanager_controller.go:277.67,279.3 1 0
github.com/tmax-cloud/cluster-manager-operator/controllers/clustermanager_controller.go:282.105,289.56 4 0
github.com/tmax-cloud/cluster-manager-operator/controllers/clustermanager_controller.go:300.2,301.15 2 0
github.com/tmax-cloud/cluster-manager-operator/controllers/clustermanager_controller.go:307.2,309.12 2 0
github.com/tmax-cloud/cluster-manager-operator/controllers/clustermanager_controller.go:289.56,290.29 1 0
github.com/tmax-cloud/cluster-manager-operator/controllers/clustermanager_controller.go:295.3,296.13 2 0
github.com/tmax-cloud/cluster-manager-operator/controllers/clustermanager_controller.go:290.29,293.4 2 0
github.com/tmax-cloud/cluster-manager-operator/controllers/clustermanager_controller.go:301.15,302.59 1 0
github.com/tmax-cloud/cluster-manager-operator/controllers/clustermanager_controller.go:302.59,304.4 1 0
github.com/tmax-cloud/cluster-manager-operator/controllers/clustermanager_controller.go:312.117,317.47 3 0
github.com/tmax-cloud/cluster-manager-operator/controllers/clustermanager_controller.go:323.2,325.56 3 0
github.com/tmax-cloud/cluster-manager-operator/controllers/clustermanager_controller.go:336.2,337.15 2 0
github.com/tmax-cloud/cluster-manager-operator/controllers/clustermanager_controller.go:343.2,345.12 2 0
github.com/tmax-cloud/cluster-manager-operator/controllers/clustermanager_controller.go:317.47,320.3 2 0
github.com/tmax-cloud/cluster-manager-operator/controllers/clustermanager_controller.go:325.56,326.29 1 0
github.com/tmax-cloud/cluster-manager-operator/controllers/clustermanager_controller.go:331.3,332.13 2 0
github.com/tmax-cloud/cluster-manager-operator/controllers/clustermanager_controller.go:326.29,329.4 2 0
github.com/tmax-cloud/cluster-manager-operator/controllers/clustermanager_controller.go:337.15,338.59 1 0
github.com/tmax-cloud/cluster-manager-operator/controllers/clustermanager_controller.go:338.59,340.4 1 0
github.com/tmax-cloud/cluster-manager-operator/controllers/clustermanager_controller.go:348.115,353.47 3 0
github.com/tmax-cloud/cluster-manager-operator/controllers/clustermanager_controller.go:359.2,361.56 3 0
github.com/tmax-cloud/cluster-manager-operator/controllers/clustermanager_controller.go:372.2,373.15 2 0
github.com/tmax-cloud/cluster-manager-operator/controllers/clustermanager_controller.go:379.2,381.12 2 0
github.com/tmax-cloud/cluster-manager-operator/controllers/clustermanager_controller.go:353.47,356.3 2 0
github.com/tmax-cloud/cluster-manager-operator/controllers/clustermanager_controller.go:361.56,362.29 1 0
github.com/tmax-cloud/cluster-manager-operator/controllers/clustermanager_controller.go:367.3,368.13 2 0
github.com/tmax-cloud/cluster-manager-operator/controllers/clustermanager_controller.go:362.29,365.4 2 0
github.com/tmax-cloud/cluster-manager-operator/controllers/clustermanager_controller.go:373.15,374.59 1 0
github.com/tmax-cloud/cluster-manager-operator/controllers/clustermanager_controller.go:374.59,376.4 1 0
github.com/tmax-cloud/cluster-manager-operator/controllers/clustermanager_controller.go:384.77,391.48 1 0
github.com/tmax-cloud/cluster-manager-operator/controllers/clustermanager_controller.go:413.2,413.16 1 0
github.com/tmax-cloud/cluster-manager-operator/controllers/clustermanager_controller.go:417.2,423.47 1 0
github.com/tmax-cloud/cluster-manager-operator/controllers/clustermanager_controller.go:444.2,450.47 1 0
github.com/tmax-cloud/cluster-manager-operator/controllers/clustermanager_controller.go:471.2,477.47 1 0
github.com/tmax-cloud/cluster-manager-operator/controllers/clustermanager_controller.go:391.48,393.6 1 0
github.com/tmax-cloud/cluster-manager-operator/controllers/clustermanager_controller.go:394.48,398.152 3 0
github.com/tmax-cloud/cluster-manager-operator/controllers/clustermanager_controller.go:401.6,401.18 1 0
github.com/tmax-cloud/cluster-manager-operator/controllers/clustermanager_controller.go:398.152,400.7 1 0
github.com/tmax-cloud/cluster-manager-operator/controllers/clustermanager_controller.go:403.48,405.6 1 0
github.com/tmax-cloud/cluster-manager-operator/controllers/clustermanager_controller.go:406.50,408.6 1 0
github.com/tmax-cloud/cluster-manager-operator/controllers/clustermanager_controller.go:413.16,415.3 1 0
github.com/tmax-cloud/cluster-manager-operator/controllers/clustermanager_controller.go:423.47,427.123 3 0
github.com/tmax-cloud/cluster-manager-operator/controllers/clustermanager_controller.go:430.5,430.17 1 0
github.com/tmax-cloud/cluster-manager-operator/controllers/clustermanager_controller.go:427.123,429.6 1 0
github.com/tmax-cloud/cluster-manager-operator/controllers/clustermanager_controller.go:432.47,434.5 1 0
github.com/tmax-cloud/cluster-manager-operator/controllers/clustermanager_controller.go:435.47,437.5 1 0
github.com/tmax-cloud/cluster-manager-operator/controllers/clustermanager_controller.go:438.49,440.5 1 0
github.com/tmax-cloud/cluster-manager-operator/controllers/clustermanager_controller.go:450.47,454.57 3 0
github.com/tmax-cloud/cluster-manager-operator/controllers/clustermanager_controller.go:457.5,457.17 1 0
github.com/tmax-cloud/cluster-manager-operator/controllers/clustermanager_controller.go:454.57,456.6 1 0
github.com/tmax-cloud/cluster-manager-operator/controllers/clustermanager_controller.go:459.47,461.5 1 0
github.com/tmax-cloud/cluster-manager-operator/controllers/clustermanager_controller.go:462.47,464.5 1 0
github.com/tmax-cloud/cluster-manager-operator/controllers/clustermanager_controller.go:465.49,467.5 1 0
github.com/tmax-cloud/cluster-manager-operator/controllers/clustermanager_controller.go:477.47,481.55 3 0
github.com/tmax-cloud/cluster-manager-operator/controllers/clustermanager_controller.go:484.5,484.17 1 0
github.com/tmax-cloud/cluster-manager-operator/controllers/clustermanager_controller.go:481.55,483.6 1 0
github.com/tmax-cloud/cluster-manager-operator/controllers/clustermanager_controller.go:486.47,488.5 1 0
github.com/tmax-cloud/cluster-manager-operator/controllers/clustermanager_controller.go:489.47,491.5 1 0
github.com/tmax-cloud/cluster-manager-operator/controllers/clustermanager_controller.go:492.49,494.5 1 0
