mode: set
github.com/tmax-cloud/cluster-manager-operator/controllers/clustermanager_controller.go:84.85,90.82 4 0
github.com/tmax-cloud/cluster-manager-operator/controllers/clustermanager_controller.go:99.2,99.64 1 0
github.com/tmax-cloud/cluster-manager-operator/controllers/clustermanager_controller.go:103.2,103.71 1 0
github.com/tmax-cloud/cluster-manager-operator/controllers/clustermanager_controller.go:109.2,112.27 3 0
github.com/tmax-cloud/cluster-manager-operator/controllers/clustermanager_controller.go:90.82,91.29 1 0
github.com/tmax-cloud/cluster-manager-operator/controllers/clustermanager_controller.go:95.3,96.28 2 0
github.com/tmax-cloud/cluster-manager-operator/controllers/clustermanager_controller.go:91.29,94.4 2 0
github.com/tmax-cloud/cluster-manager-operator/controllers/clustermanager_controller.go:99.64,102.3 2 0
github.com/tmax-cloud/cluster-manager-operator/controllers/clustermanager_controller.go:103.71,106.3 2 0
github.com/tmax-cloud/cluster-manager-operator/controllers/clustermanager_controller.go:117.112,121.83 3 0
github.com/tmax-cloud/cluster-manager-operator/controllers/clustermanager_controller.go:168.2,168.12 1 0
github.com/tmax-cloud/cluster-manager-operator/controllers/clustermanager_controller.go:121.83,122.29 1 0
github.com/tmax-cloud/cluster-manager-operator/controllers/clustermanager_controller.go:122.29,136.18 3 0
github.com/tmax-cloud/cluster-manager-operator/controllers/clustermanager_controller.go:141.4,159.18 4 0
github.com/tmax-cloud/cluster-manager-operator/controllers/clustermanager_controller.go:136.18,139.5 2 0
github.com/tmax-cloud/cluster-manager-operator/controllers/clustermanager_controller.go:159.18,162.5 2 0
github.com/tmax-cloud/cluster-manager-operator/controllers/clustermanager_controller.go:163.9,166.4 2 0
github.com/tmax-cloud/cluster-manager-operator/controllers/clustermanager_controller.go:171.119,175.75 4 0
github.com/tmax-cloud/cluster-manager-operator/controllers/clustermanager_controller.go:199.2,202.89 4 0
github.com/tmax-cloud/cluster-manager-operator/controllers/clustermanager_controller.go:232.2,232.12 1 0
github.com/tmax-cloud/cluster-manager-operator/controllers/clustermanager_controller.go:175.75,176.29 1 0
github.com/tmax-cloud/cluster-manager-operator/controllers/clustermanager_controller.go:176.29,190.18 4 0
github.com/tmax-cloud/cluster-manager-operator/controllers/clustermanager_controller.go:190.18,193.5 2 0
github.com/tmax-cloud/cluster-manager-operator/controllers/clustermanager_controller.go:194.9,197.4 2 0
github.com/tmax-cloud/cluster-manager-operator/controllers/clustermanager_controller.go:202.89,203.29 1 0
github.com/tmax-cloud/cluster-manager-operator/controllers/clustermanager_controller.go:203.29,223.18 4 0
github.com/tmax-cloud/cluster-manager-operator/controllers/clustermanager_controller.go:223.18,226.5 2 0
github.com/tmax-cloud/cluster-manager-operator/controllers/clustermanager_controller.go:227.9,230.4 2 0
github.com/tmax-cloud/cluster-manager-operator/controllers/clustermanager_controller.go:235.110,239.56 3 0
github.com/tmax-cloud/cluster-manager-operator/controllers/clustermanager_controller.go:244.2,245.15 2 0
github.com/tmax-cloud/cluster-manager-operator/controllers/clustermanager_controller.go:251.2,251.64 1 0
github.com/tmax-cloud/cluster-manager-operator/controllers/clustermanager_controller.go:254.2,254.53 1 0
github.com/tmax-cloud/cluster-manager-operator/controllers/clustermanager_controller.go:239.56,241.3 1 0
github.com/tmax-cloud/cluster-manager-operator/controllers/clustermanager_controller.go:245.15,246.59 1 0
github.com/tmax-cloud/cluster-manager-operator/controllers/clustermanager_controller.go:246.59,248.4 1 0
github.com/tmax-cloud/cluster-manager-operator/controllers/clustermanager_controller.go:251.64,253.3 1 0
github.com/tmax-cloud/cluster-manager-operator/controllers/clustermanager_controller.go:254.53,256.3 1 0
github.com/tmax-cloud/cluster-manager-operator/controllers/clustermanager_controller.go:259.108,263.55 3 0
github.com/tmax-cloud/cluster-manager-operator/controllers/clustermanager_controller.go:268.2,269.15 2 0
github.com/tmax-cloud/cluster-manager-operator/controllers/clustermanager_controller.go:275.2,275.63 1 0
github.com/tmax-cloud/cluster-manager-operator/controllers/clustermanager_controller.go:279.2,279.67 1 0
github.com/tmax-cloud/cluster-manager-operator/controllers/clustermanager_controller.go:263.55,265.3 1 0
github.com/tmax-cloud/cluster-manager-operator/controllers/clustermanager_controller.go:269.15,270.58 1 0
github.com/tmax-cloud/cluster-manager-operator/controllers/clustermanager_controller.go:270.58,272.4 1 0
github.com/tmax-cloud/cluster-manager-operator/controllers/clustermanager_controller.go:275.63,277.3 1 0
github.com/tmax-cloud/cluster-manager-operator/controllers/clustermanager_controller.go:279.67,281.3 1 0
github.com/tmax-cloud/cluster-manager-operator/controllers/clustermanager_controller.go:284.105,291.56 4 0
github.com/tmax-cloud/cluster-manager-operator/controllers/clustermanager_controller.go:302.2,303.15 2 0
github.com/tmax-cloud/cluster-manager-operator/controllers/clustermanager_controller.go:309.2,311.12 2 0
github.com/tmax-cloud/cluster-manager-operator/controllers/clustermanager_controller.go:291.56,292.29 1 0
github.com/tmax-cloud/cluster-manager-operator/controllers/clustermanager_controller.go:297.3,298.13 2 0
github.com/tmax-cloud/cluster-manager-operator/controllers/clustermanager_controller.go:292.29,295.4 2 0
github.com/tmax-cloud/cluster-manager-operator/controllers/clustermanager_controller.go:303.15,304.59 1 0
github.com/tmax-cloud/cluster-manager-operator/controllers/clustermanager_controller.go:304.59,306.4 1 0
github.com/tmax-cloud/cluster-manager-operator/controllers/clustermanager_controller.go:314.117,319.47 3 0
github.com/tmax-cloud/cluster-manager-operator/controllers/clustermanager_controller.go:325.2,327.56 3 0
github.com/tmax-cloud/cluster-manager-operator/controllers/clustermanager_controller.go:338.2,339.15 2 0
github.com/tmax-cloud/cluster-manager-operator/controllers/clustermanager_controller.go:345.2,347.12 2 0
github.com/tmax-cloud/cluster-manager-operator/controllers/clustermanager_controller.go:319.47,322.3 2 0
github.com/tmax-cloud/cluster-manager-operator/controllers/clustermanager_controller.go:327.56,328.29 1 0
github.com/tmax-cloud/cluster-manager-operator/controllers/clustermanager_controller.go:333.3,334.13 2 0
github.com/tmax-cloud/cluster-manager-operator/controllers/clustermanager_controller.go:328.29,331.4 2 0
github.com/tmax-cloud/cluster-manager-operator/controllers/clustermanager_controller.go:339.15,340.59 1 0
github.com/tmax-cloud/cluster-manager-operator/controllers/clustermanager_controller.go:340.59,342.4 1 0
github.com/tmax-cloud/cluster-manager-operator/controllers/clustermanager_controller.go:350.115,355.47 3 0
github.com/tmax-cloud/cluster-manager-operator/controllers/clustermanager_controller.go:361.2,363.56 3 0
github.com/tmax-cloud/cluster-manager-operator/controllers/clustermanager_controller.go:374.2,375.15 2 0
github.com/tmax-cloud/cluster-manager-operator/controllers/clustermanager_controller.go:381.2,383.12 2 0
github.com/tmax-cloud/cluster-manager-operator/controllers/clustermanager_controller.go:355.47,358.3 2 0
github.com/tmax-cloud/cluster-manager-operator/controllers/clustermanager_controller.go:363.56,364.29 1 0
github.com/tmax-cloud/cluster-manager-operator/controllers/clustermanager_controller.go:369.3,370.13 2 0
github.com/tmax-cloud/cluster-manager-operator/controllers/clustermanager_controller.go:364.29,367.4 2 0
github.com/tmax-cloud/cluster-manager-operator/controllers/clustermanager_controller.go:375.15,376.59 1 0
github.com/tmax-cloud/cluster-manager-operator/controllers/clustermanager_controller.go:376.59,378.4 1 0
github.com/tmax-cloud/cluster-manager-operator/controllers/clustermanager_controller.go:386.77,393.48 1 0
github.com/tmax-cloud/cluster-manager-operator/controllers/clustermanager_controller.go:415.2,415.16 1 0
github.com/tmax-cloud/cluster-manager-operator/controllers/clustermanager_controller.go:419.2,425.47 1 0
github.com/tmax-cloud/cluster-manager-operator/controllers/clustermanager_controller.go:446.2,452.47 1 0
github.com/tmax-cloud/cluster-manager-operator/controllers/clustermanager_controller.go:473.2,479.47 1 0
github.com/tmax-cloud/cluster-manager-operator/controllers/clustermanager_controller.go:393.48,395.6 1 0
github.com/tmax-cloud/cluster-manager-operator/controllers/clustermanager_controller.go:396.48,400.152 3 0
github.com/tmax-cloud/cluster-manager-operator/controllers/clustermanager_controller.go:403.6,403.18 1 0
github.com/tmax-cloud/cluster-manager-operator/controllers/clustermanager_controller.go:400.152,402.7 1 0
github.com/tmax-cloud/cluster-manager-operator/controllers/clustermanager_controller.go:405.48,407.6 1 0
github.com/tmax-cloud/cluster-manager-operator/controllers/clustermanager_controller.go:408.50,410.6 1 0
github.com/tmax-cloud/cluster-manager-operator/controllers/clustermanager_controller.go:415.16,417.3 1 0
github.com/tmax-cloud/cluster-manager-operator/controllers/clustermanager_controller.go:425.47,429.123 3 0
github.com/tmax-cloud/cluster-manager-operator/controllers/clustermanager_controller.go:432.5,432.17 1 0
github.com/tmax-cloud/cluster-manager-operator/controllers/clustermanager_controller.go:429.123,431.6 1 0
github.com/tmax-cloud/cluster-manager-operator/controllers/clustermanager_controller.go:434.47,436.5 1 0
github.com/tmax-cloud/cluster-manager-operator/controllers/clustermanager_controller.go:437.47,439.5 1 0
github.com/tmax-cloud/cluster-manager-operator/controllers/clustermanager_controller.go:440.49,442.5 1 0
github.com/tmax-cloud/cluster-manager-operator/controllers/clustermanager_controller.go:452.47,456.57 3 0
github.com/tmax-cloud/cluster-manager-operator/controllers/clustermanager_controller.go:459.5,459.17 1 0
github.com/tmax-cloud/cluster-manager-operator/controllers/clustermanager_controller.go:456.57,458.6 1 0
github.com/tmax-cloud/cluster-manager-operator/controllers/clustermanager_controller.go:461.47,463.5 1 0
github.com/tmax-cloud/cluster-manager-operator/controllers/clustermanager_controller.go:464.47,466.5 1 0
github.com/tmax-cloud/cluster-manager-operator/controllers/clustermanager_controller.go:467.49,469.5 1 0
github.com/tmax-cloud/cluster-manager-operator/controllers/clustermanager_controller.go:479.47,483.55 3 0
github.com/tmax-cloud/cluster-manager-operator/controllers/clustermanager_controller.go:486.5,486.17 1 0
github.com/tmax-cloud/cluster-manager-operator/controllers/clustermanager_controller.go:483.55,485.6 1 0
github.com/tmax-cloud/cluster-manager-operator/controllers/clustermanager_controller.go:488.47,490.5 1 0
github.com/tmax-cloud/cluster-manager-operator/controllers/clustermanager_controller.go:491.47,493.5 1 0
github.com/tmax-cloud/cluster-manager-operator/controllers/clustermanager_controller.go:494.49,496.5 1 0
